<?xml version="1.0" encoding="UTF-8"?>
<!-- Generated by org.testng.reporters.JUnitReportReporter -->
<testsuite hostname="XDR30" name="tests.AppTest" tests="1" failures="0" timestamp="11 Jul 2013 07:52:18 GMT" time="31.367" errors="0">
  <testcase name="test" time="31.367" classname="tests.AppTest"/>
</testsuite> <!-- tests.AppTest -->
