<?xml version="1.0" encoding="UTF-8"?>
<!-- Generated by org.testng.reporters.JUnitReportReporter -->
<testsuite hostname="XDR30" name="com.brewnetworks.BrewNetworks.AppTest" tests="1" failures="0" timestamp="2 Jul 2013 09:13:26 GMT" time="17.684" errors="0">
  <testcase name="test" time="17.684" classname="com.brewnetworks.BrewNetworks.AppTest"/>
</testsuite> <!-- com.brewnetworks.BrewNetworks.AppTest -->
